This file contains any messages produced by compilers while
running configure, to aid debugging if configure makes a mistake.

It was created by gnu-hello-world configure 1.0, which was
generated by GNU Autoconf 2.69.  Invocation command line was

  $ ./configure 

## --------- ##
## Platform. ##
## --------- ##

hostname = majster01
uname -m = x86_64
uname -r = 4.18.16-300.fc29.x86_64
uname -s = Linux
uname -v = #1 SMP Sat Oct 20 23:24:08 UTC 2018

/usr/bin/uname -p = x86_64
/bin/uname -X     = unknown

/bin/arch              = x86_64
/usr/bin/arch -k       = unknown
/usr/convex/getsysinfo = unknown
/usr/bin/hostinfo      = unknown
/bin/machine           = unknown
/usr/bin/oslevel       = unknown
/bin/universe          = unknown

PATH: /usr/lib64/qt-3.3/bin
PATH: /usr/share/Modules/bin
PATH: /usr/local/bin
PATH: /usr/local/sbin
PATH: /usr/bin
PATH: /usr/sbin
PATH: /home/majsterklepka/.composer/vendor/bin
PATH: /usr/libexec/sdcc
PATH: /var/lib/snapd/snap/bin
PATH: /home/majsterklepka/scripts
PATH: /home/majsterklepka/.local/bin
PATH: /home/majsterklepka/bin
PATH: /usr/libexec/sdcc
PATH: /home/majsterklepka/scripts


## ----------- ##
## Core tests. ##
## ----------- ##

configure:2028: checking for a BSD-compatible install
configure:2096: result: /usr/bin/install -c
configure:2107: checking whether build environment is sane
configure:2162: result: yes
configure:2313: checking for a thread-safe mkdir -p
configure:2352: result: /usr/bin/mkdir -p
configure:2359: checking for gawk
configure:2375: found /usr/bin/gawk
configure:2386: result: gawk
configure:2397: checking whether make sets $(MAKE)
configure:2419: result: yes
configure:2448: checking whether make supports nested variables
configure:2465: result: yes
configure:2644: checking for gcc
configure:2660: found /usr/bin/gcc
configure:2671: result: gcc
configure:2900: checking for C compiler version
configure:2909: gcc --version >&5
gcc (GCC) 8.2.1 20181011 (Red Hat 8.2.1-4)
Copyright (C) 2018 Free Software Foundation, Inc.
This is free software; see the source for copying conditions.  There is NO
warranty; not even for MERCHANTABILITY or FITNESS FOR A PARTICULAR PURPOSE.

configure:2920: $? = 0
configure:2909: gcc -v >&5
Using built-in specs.
COLLECT_GCC=gcc
COLLECT_LTO_WRAPPER=/usr/libexec/gcc/x86_64-redhat-linux/8/lto-wrapper
OFFLOAD_TARGET_NAMES=nvptx-none
OFFLOAD_TARGET_DEFAULT=1
Target: x86_64-redhat-linux
Configured with: ../configure --enable-bootstrap --enable-languages=c,c++,fortran,objc,obj-c++,ada,go,lto --prefix=/usr --mandir=/usr/share/man --infodir=/usr/share/info --with-bugurl=http://bugzilla.redhat.com/bugzilla --enable-shared --enable-threads=posix --enable-checking=release --enable-multilib --with-system-zlib --enable-__cxa_atexit --disable-libunwind-exceptions --enable-gnu-unique-object --enable-linker-build-id --with-gcc-major-version-only --with-linker-hash-style=gnu --enable-plugin --enable-initfini-array --with-isl --enable-libmpx --enable-offload-targets=nvptx-none --without-cuda-driver --enable-gnu-indirect-function --enable-cet --with-tune=generic --with-arch_32=i686 --build=x86_64-redhat-linux
Thread model: posix
gcc version 8.2.1 20181011 (Red Hat 8.2.1-4) (GCC) 
configure:2920: $? = 0
configure:2909: gcc -V >&5
gcc: error: unrecognized command line option '-V'
gcc: fatal error: no input files
compilation terminated.
configure:2920: $? = 1
configure:2909: gcc -qversion >&5
gcc: error: unrecognized command line option '-qversion'; did you mean '--version'?
gcc: fatal error: no input files
compilation terminated.
configure:2920: $? = 1
configure:2940: checking whether the C compiler works
configure:2962: gcc    conftest.c  >&5
configure:2966: $? = 0
configure:3014: result: yes
configure:3017: checking for C compiler default output file name
configure:3019: result: a.out
configure:3025: checking for suffix of executables
configure:3032: gcc -o conftest    conftest.c  >&5
configure:3036: $? = 0
configure:3058: result: 
configure:3080: checking whether we are cross compiling
configure:3088: gcc -o conftest    conftest.c  >&5
configure:3092: $? = 0
configure:3099: ./conftest
configure:3103: $? = 0
configure:3118: result: no
configure:3123: checking for suffix of object files
configure:3145: gcc -c   conftest.c >&5
configure:3149: $? = 0
configure:3170: result: o
configure:3174: checking whether we are using the GNU C compiler
configure:3193: gcc -c   conftest.c >&5
configure:3193: $? = 0
configure:3202: result: yes
configure:3211: checking whether gcc accepts -g
configure:3231: gcc -c -g  conftest.c >&5
configure:3231: $? = 0
configure:3272: result: yes
configure:3289: checking for gcc option to accept ISO C89
configure:3352: gcc  -c -g -O2  conftest.c >&5
configure:3352: $? = 0
configure:3365: result: none needed
configure:3390: checking whether gcc understands -c and -o together
configure:3412: gcc -c conftest.c -o conftest2.o
configure:3415: $? = 0
configure:3412: gcc -c conftest.c -o conftest2.o
configure:3415: $? = 0
configure:3427: result: yes
configure:3455: checking for style of include used by make
configure:3483: result: GNU
configure:3509: checking dependency style of gcc
configure:3620: result: gcc3
configure:3638: checking for a sed that does not truncate output
configure:3702: result: /usr/bin/sed
configure:3708: checking whether NLS is requested
configure:3717: result: yes
configure:3757: checking for msgfmt
configure: trying /usr/bin/msgfmt...
0 translated messages.
configure:3789: result: /usr/bin/msgfmt
configure:3798: checking for gmsgfmt
configure:3829: result: /usr/bin/msgfmt
configure:3879: checking for xgettext
configure: trying /usr/bin/xgettext...
/usr/bin/xgettext: warning: file '/dev/null' extension '' is unknown; will try C
configure:3911: result: /usr/bin/xgettext
configure:3956: checking for msgmerge
configure: trying /usr/bin/msgmerge...
configure:3987: result: /usr/bin/msgmerge
configure:4024: checking build system type
configure:4038: result: x86_64-pc-linux-gnu
configure:4058: checking host system type
configure:4071: result: x86_64-pc-linux-gnu
configure:4116: checking for ld used by gcc
configure:4183: result: /usr/bin/ld
configure:4190: checking if the linker (/usr/bin/ld) is GNU ld
configure:4205: result: yes
configure:4212: checking for shared library run path origin
configure:4225: result: done
configure:4250: checking how to run the C preprocessor
configure:4281: gcc -E  conftest.c
configure:4281: $? = 0
configure:4295: gcc -E  conftest.c
conftest.c:11:10: fatal error: ac_nonexistent.h: No such file or directory
 #include <ac_nonexistent.h>
          ^~~~~~~~~~~~~~~~~~
compilation terminated.
configure:4295: $? = 1
configure: failed program was:
| /* confdefs.h */
| #define PACKAGE_NAME "gnu-hello-world"
| #define PACKAGE_TARNAME "gnu-hello-world"
| #define PACKAGE_VERSION "1.0"
| #define PACKAGE_STRING "gnu-hello-world 1.0"
| #define PACKAGE_BUGREPORT "48721262935pl@gmail.com"
| #define PACKAGE_URL ""
| #define PACKAGE "gnu-hello-world"
| #define VERSION "1.0"
| /* end confdefs.h.  */
| #include <ac_nonexistent.h>
configure:4320: result: gcc -E
configure:4340: gcc -E  conftest.c
configure:4340: $? = 0
configure:4354: gcc -E  conftest.c
conftest.c:11:10: fatal error: ac_nonexistent.h: No such file or directory
 #include <ac_nonexistent.h>
          ^~~~~~~~~~~~~~~~~~
compilation terminated.
configure:4354: $? = 1
configure: failed program was:
| /* confdefs.h */
| #define PACKAGE_NAME "gnu-hello-world"
| #define PACKAGE_TARNAME "gnu-hello-world"
| #define PACKAGE_VERSION "1.0"
| #define PACKAGE_STRING "gnu-hello-world 1.0"
| #define PACKAGE_BUGREPORT "48721262935pl@gmail.com"
| #define PACKAGE_URL ""
| #define PACKAGE "gnu-hello-world"
| #define VERSION "1.0"
| /* end confdefs.h.  */
| #include <ac_nonexistent.h>
configure:4383: checking for grep that handles long lines and -e
configure:4441: result: /usr/bin/grep
configure:4446: checking for egrep
configure:4508: result: /usr/bin/grep -E
configure:5066: checking for CFPreferencesCopyAppValue
configure:5084: gcc -o conftest -g -O2   conftest.c  -Wl,-framework -Wl,CoreFoundation >&5
conftest.c:11:10: fatal error: CoreFoundation/CFPreferences.h: No such file or directory
 #include <CoreFoundation/CFPreferences.h>
          ^~~~~~~~~~~~~~~~~~~~~~~~~~~~~~~~
compilation terminated.
configure:5084: $? = 1
configure: failed program was:
| /* confdefs.h */
| #define PACKAGE_NAME "gnu-hello-world"
| #define PACKAGE_TARNAME "gnu-hello-world"
| #define PACKAGE_VERSION "1.0"
| #define PACKAGE_STRING "gnu-hello-world 1.0"
| #define PACKAGE_BUGREPORT "48721262935pl@gmail.com"
| #define PACKAGE_URL ""
| #define PACKAGE "gnu-hello-world"
| #define VERSION "1.0"
| /* end confdefs.h.  */
| #include <CoreFoundation/CFPreferences.h>
| int
| main ()
| {
| CFPreferencesCopyAppValue(NULL, NULL)
|   ;
|   return 0;
| }
configure:5093: result: no
configure:5100: checking for CFLocaleCopyCurrent
configure:5118: gcc -o conftest -g -O2   conftest.c  -Wl,-framework -Wl,CoreFoundation >&5
conftest.c:11:10: fatal error: CoreFoundation/CFLocale.h: No such file or directory
 #include <CoreFoundation/CFLocale.h>
          ^~~~~~~~~~~~~~~~~~~~~~~~~~~
compilation terminated.
configure:5118: $? = 1
configure: failed program was:
| /* confdefs.h */
| #define PACKAGE_NAME "gnu-hello-world"
| #define PACKAGE_TARNAME "gnu-hello-world"
| #define PACKAGE_VERSION "1.0"
| #define PACKAGE_STRING "gnu-hello-world 1.0"
| #define PACKAGE_BUGREPORT "48721262935pl@gmail.com"
| #define PACKAGE_URL ""
| #define PACKAGE "gnu-hello-world"
| #define VERSION "1.0"
| /* end confdefs.h.  */
| #include <CoreFoundation/CFLocale.h>
| int
| main ()
| {
| CFLocaleCopyCurrent();
|   ;
|   return 0;
| }
configure:5127: result: no
configure:5176: checking for GNU gettext in libc
configure:5205: gcc -o conftest -g -O2   conftest.c  >&5
configure:5205: $? = 0
configure:5214: result: yes
configure:6061: checking whether to use NLS
configure:6063: result: yes
configure:6066: checking where the gettext function comes from
configure:6077: result: libc
configure:6190: checking for pkg-config
configure:6208: found /usr/bin/pkg-config
configure:6220: result: /usr/bin/pkg-config
configure:6245: checking pkg-config is at least version 0.9.0
configure:6248: result: yes
configure:6258: checking for GTK
configure:6265: $PKG_CONFIG --exists --print-errors "gtk+-3.0"
configure:6268: $? = 0
configure:6282: $PKG_CONFIG --exists --print-errors "gtk+-3.0"
configure:6285: $? = 0
configure:6343: result: yes
configure:6467: checking that generated files are newer than configure
configure:6473: result: done
configure:6496: creating ./config.status

## ---------------------- ##
## Running config.status. ##
## ---------------------- ##

This file was extended by gnu-hello-world config.status 1.0, which was
generated by GNU Autoconf 2.69.  Invocation command line was

  CONFIG_FILES    = 
  CONFIG_HEADERS  = 
  CONFIG_LINKS    = 
  CONFIG_COMMANDS = 
  $ ./config.status 

on majster01

config.status:891: creating Makefile
config.status:891: creating po/Makefile.in
config.status:891: creating src/Makefile
config.status:891: creating icons/Makefile
config.status:891: creating data/Makefile
config.status:891: creating config.h
config.status:1120: executing depfiles commands
config.status:1120: executing po-directories commands

## ---------------- ##
## Cache variables. ##
## ---------------- ##

ac_cv_build=x86_64-pc-linux-gnu
ac_cv_c_compiler_gnu=yes
ac_cv_env_CC_set=
ac_cv_env_CC_value=
ac_cv_env_CFLAGS_set=
ac_cv_env_CFLAGS_value=
ac_cv_env_CPPFLAGS_set=
ac_cv_env_CPPFLAGS_value=
ac_cv_env_CPP_set=
ac_cv_env_CPP_value=
ac_cv_env_GTK_CFLAGS_set=
ac_cv_env_GTK_CFLAGS_value=
ac_cv_env_GTK_LIBS_set=
ac_cv_env_GTK_LIBS_value=
ac_cv_env_LDFLAGS_set=
ac_cv_env_LDFLAGS_value=
ac_cv_env_LIBS_set=
ac_cv_env_LIBS_value=
ac_cv_env_PKG_CONFIG_LIBDIR_set=
ac_cv_env_PKG_CONFIG_LIBDIR_value=
ac_cv_env_PKG_CONFIG_PATH_set=
ac_cv_env_PKG_CONFIG_PATH_value=
ac_cv_env_PKG_CONFIG_set=
ac_cv_env_PKG_CONFIG_value=
ac_cv_env_build_alias_set=
ac_cv_env_build_alias_value=
ac_cv_env_host_alias_set=
ac_cv_env_host_alias_value=
ac_cv_env_target_alias_set=
ac_cv_env_target_alias_value=
ac_cv_host=x86_64-pc-linux-gnu
ac_cv_objext=o
ac_cv_path_EGREP='/usr/bin/grep -E'
ac_cv_path_GMSGFMT=/usr/bin/msgfmt
ac_cv_path_GREP=/usr/bin/grep
ac_cv_path_MSGFMT=/usr/bin/msgfmt
ac_cv_path_MSGMERGE=/usr/bin/msgmerge
ac_cv_path_SED=/usr/bin/sed
ac_cv_path_XGETTEXT=/usr/bin/xgettext
ac_cv_path_ac_pt_PKG_CONFIG=/usr/bin/pkg-config
ac_cv_path_install='/usr/bin/install -c'
ac_cv_path_mkdir=/usr/bin/mkdir
ac_cv_prog_AWK=gawk
ac_cv_prog_CPP='gcc -E'
ac_cv_prog_ac_ct_CC=gcc
ac_cv_prog_cc_c89=
ac_cv_prog_cc_g=yes
ac_cv_prog_make_make_set=yes
acl_cv_hardcode_direct=no
acl_cv_hardcode_libdir_flag_spec='${wl}-rpath ${wl}$libdir'
acl_cv_hardcode_libdir_separator=
acl_cv_hardcode_minus_L=no
acl_cv_libext=a
acl_cv_libname_spec='lib$name'
acl_cv_library_names_spec='$libname$shrext'
acl_cv_path_LD=/usr/bin/ld
acl_cv_prog_gnu_ld=yes
acl_cv_rpath=done
acl_cv_shlibext=so
acl_cv_wl=-Wl,
am_cv_CC_dependencies_compiler_type=gcc3
am_cv_make_support_nested_variables=yes
am_cv_prog_cc_c_o=yes
gt_cv_func_CFLocaleCopyCurrent=no
gt_cv_func_CFPreferencesCopyAppValue=no
gt_cv_func_gnugettext1_libc=yes
pkg_cv_GTK_CFLAGS='-I/usr/include/gtk-3.0 -I/usr/include/pango-1.0 -I/usr/include/glib-2.0 -I/usr/lib64/glib-2.0/include -I/usr/include/fribidi -I/usr/include/cairo -I/usr/include/pixman-1 -I/usr/include/freetype2 -I/usr/include/libpng16 -I/usr/include/uuid -I/usr/include/harfbuzz -I/usr/include/gdk-pixbuf-2.0 -I/usr/include/gio-unix-2.0/ -I/usr/include/libdrm -I/usr/include/atk-1.0 -I/usr/include/at-spi2-atk/2.0 -I/usr/include/at-spi-2.0 -I/usr/include/dbus-1.0 -I/usr/lib64/dbus-1.0/include -pthread '
pkg_cv_GTK_LIBS='-lgtk-3 -lgdk-3 -lpangocairo-1.0 -lpango-1.0 -latk-1.0 -lcairo-gobject -lcairo -lgdk_pixbuf-2.0 -lgio-2.0 -lgobject-2.0 -lglib-2.0 '

## ----------------- ##
## Output variables. ##
## ----------------- ##

ACLOCAL='${SHELL} /home/majsterklepka/git/tdsj/gnu-hello-world-1.0/missing aclocal-1.15'
AMDEPBACKSLASH='\'
AMDEP_FALSE='#'
AMDEP_TRUE=''
AMTAR='$${TAR-tar}'
AM_BACKSLASH='\'
AM_DEFAULT_V='$(AM_DEFAULT_VERBOSITY)'
AM_DEFAULT_VERBOSITY='1'
AM_V='$(V)'
AUTOCONF='${SHELL} /home/majsterklepka/git/tdsj/gnu-hello-world-1.0/missing autoconf'
AUTOHEADER='${SHELL} /home/majsterklepka/git/tdsj/gnu-hello-world-1.0/missing autoheader'
AUTOMAKE='${SHELL} /home/majsterklepka/git/tdsj/gnu-hello-world-1.0/missing automake-1.15'
AWK='gawk'
CC='gcc'
CCDEPMODE='depmode=gcc3'
CFLAGS='-g -O2'
CPP='gcc -E'
CPPFLAGS=''
CYGPATH_W='echo'
DEFS='-DHAVE_CONFIG_H'
DEPDIR='.deps'
ECHO_C=''
ECHO_N='-n'
ECHO_T=''
EGREP='/usr/bin/grep -E'
EXEEXT=''
GETTEXT_MACRO_VERSION='0.19'
GMSGFMT='/usr/bin/msgfmt'
GMSGFMT_015='/usr/bin/msgfmt'
GREP='/usr/bin/grep'
GTK_CFLAGS='-I/usr/include/gtk-3.0 -I/usr/include/pango-1.0 -I/usr/include/glib-2.0 -I/usr/lib64/glib-2.0/include -I/usr/include/fribidi -I/usr/include/cairo -I/usr/include/pixman-1 -I/usr/include/freetype2 -I/usr/include/libpng16 -I/usr/include/uuid -I/usr/include/harfbuzz -I/usr/include/gdk-pixbuf-2.0 -I/usr/include/gio-unix-2.0/ -I/usr/include/libdrm -I/usr/include/atk-1.0 -I/usr/include/at-spi2-atk/2.0 -I/usr/include/at-spi-2.0 -I/usr/include/dbus-1.0 -I/usr/lib64/dbus-1.0/include -pthread '
GTK_LIBS='-lgtk-3 -lgdk-3 -lpangocairo-1.0 -lpango-1.0 -latk-1.0 -lcairo-gobject -lcairo -lgdk_pixbuf-2.0 -lgio-2.0 -lgobject-2.0 -lglib-2.0 '
INSTALL_DATA='${INSTALL} -m 644'
INSTALL_PROGRAM='${INSTALL}'
INSTALL_SCRIPT='${INSTALL}'
INSTALL_STRIP_PROGRAM='$(install_sh) -c -s'
INTLLIBS=''
INTL_MACOSX_LIBS=''
LDFLAGS=''
LIBICONV='-liconv'
LIBINTL=''
LIBOBJS=''
LIBS=''
LTLIBICONV='-liconv'
LTLIBINTL=''
LTLIBOBJS=''
MAKEINFO='${SHELL} /home/majsterklepka/git/tdsj/gnu-hello-world-1.0/missing makeinfo'
MKDIR_P='/usr/bin/mkdir -p'
MSGFMT='/usr/bin/msgfmt'
MSGFMT_015='/usr/bin/msgfmt'
MSGMERGE='/usr/bin/msgmerge'
OBJEXT='o'
PACKAGE='gnu-hello-world'
PACKAGE_BUGREPORT='48721262935pl@gmail.com'
PACKAGE_NAME='gnu-hello-world'
PACKAGE_STRING='gnu-hello-world 1.0'
PACKAGE_TARNAME='gnu-hello-world'
PACKAGE_URL=''
PACKAGE_VERSION='1.0'
PATH_SEPARATOR=':'
PKG_CONFIG='/usr/bin/pkg-config'
PKG_CONFIG_LIBDIR=''
PKG_CONFIG_PATH=''
POSUB='po'
SED='/usr/bin/sed'
SET_MAKE=''
SHELL='/bin/sh'
STRIP=''
USE_NLS='yes'
VERSION='1.0'
XGETTEXT='/usr/bin/xgettext'
XGETTEXT_015='/usr/bin/xgettext'
XGETTEXT_EXTRA_OPTIONS=''
ac_ct_CC='gcc'
am__EXEEXT_FALSE=''
am__EXEEXT_TRUE='#'
am__fastdepCC_FALSE='#'
am__fastdepCC_TRUE=''
am__include='include'
am__isrc=''
am__leading_dot='.'
am__nodep='_no'
am__quote=''
am__tar='$${TAR-tar} chof - "$$tardir"'
am__untar='$${TAR-tar} xf -'
bindir='${exec_prefix}/bin'
build='x86_64-pc-linux-gnu'
build_alias=''
build_cpu='x86_64'
build_os='linux-gnu'
build_vendor='pc'
datadir='${datarootdir}'
datarootdir='${prefix}/share'
docdir='${datarootdir}/doc/${PACKAGE_TARNAME}'
dvidir='${docdir}'
exec_prefix='${prefix}'
host='x86_64-pc-linux-gnu'
host_alias=''
host_cpu='x86_64'
host_os='linux-gnu'
host_vendor='pc'
htmldir='${docdir}'
includedir='${prefix}/include'
infodir='${datarootdir}/info'
install_sh='${SHELL} /home/majsterklepka/git/tdsj/gnu-hello-world-1.0/install-sh'
libdir='${exec_prefix}/lib'
libexecdir='${exec_prefix}/libexec'
localedir='${datarootdir}/locale'
localstatedir='${prefix}/var'
mandir='${datarootdir}/man'
mkdir_p='$(MKDIR_P)'
oldincludedir='/usr/include'
pdfdir='${docdir}'
prefix='/usr/local'
program_transform_name='s,x,x,'
psdir='${docdir}'
sbindir='${exec_prefix}/sbin'
sharedstatedir='${prefix}/com'
sysconfdir='${prefix}/etc'
target_alias=''

## ----------- ##
## confdefs.h. ##
## ----------- ##

/* confdefs.h */
#define PACKAGE_NAME "gnu-hello-world"
#define PACKAGE_TARNAME "gnu-hello-world"
#define PACKAGE_VERSION "1.0"
#define PACKAGE_STRING "gnu-hello-world 1.0"
#define PACKAGE_BUGREPORT "48721262935pl@gmail.com"
#define PACKAGE_URL ""
#define PACKAGE "gnu-hello-world"
#define VERSION "1.0"
#define ENABLE_NLS 1
#define HAVE_GETTEXT 1
#define HAVE_DCGETTEXT 1

configure: exit 0
